[1.336s] Invoking command in '/home/tan/erc_ws/src/week0_tutorials': PYTHONPATH=/home/tan/erc_ws/build/week0_tutorials/prefix_override:/usr/lib/python3/dist-packages/colcon_core/task/python/colcon_distutils_commands:/home/tan/erc_ws/install/week0_tutorials/lib/python3.10/site-packages:${PYTHONPATH} /usr/bin/python3 -W ignore:setup.py install is deprecated setup.py egg_info --egg-base ../../build/week0_tutorials build --build-base /home/tan/erc_ws/build/week0_tutorials/build install --record /home/tan/erc_ws/build/week0_tutorials/install.log --single-version-externally-managed install_data
[1.681s] running egg_info
[1.682s] writing ../../build/week0_tutorials/week0_tutorials.egg-info/PKG-INFO
[1.683s] writing dependency_links to ../../build/week0_tutorials/week0_tutorials.egg-info/dependency_links.txt
[1.683s] writing entry points to ../../build/week0_tutorials/week0_tutorials.egg-info/entry_points.txt
[1.683s] writing requirements to ../../build/week0_tutorials/week0_tutorials.egg-info/requires.txt
[1.683s] writing top-level names to ../../build/week0_tutorials/week0_tutorials.egg-info/top_level.txt
[1.685s] reading manifest file '../../build/week0_tutorials/week0_tutorials.egg-info/SOURCES.txt'
[1.687s] writing manifest file '../../build/week0_tutorials/week0_tutorials.egg-info/SOURCES.txt'
[1.687s] running build
[1.687s] running build_py
[1.688s] running install
[1.688s] running install_lib
[1.690s] running install_data
[1.691s] running install_egg_info
[1.693s] removing '/home/tan/erc_ws/install/week0_tutorials/lib/python3.10/site-packages/week0_tutorials-0.0.0-py3.10.egg-info' (and everything under it)
[1.694s] Copying ../../build/week0_tutorials/week0_tutorials.egg-info to /home/tan/erc_ws/install/week0_tutorials/lib/python3.10/site-packages/week0_tutorials-0.0.0-py3.10.egg-info
[1.695s] running install_scripts
[1.734s] Installing publisher script to /home/tan/erc_ws/install/week0_tutorials/lib/week0_tutorials
[1.734s] Installing subscriber script to /home/tan/erc_ws/install/week0_tutorials/lib/week0_tutorials
[1.734s] writing list of installed files to '/home/tan/erc_ws/build/week0_tutorials/install.log'
[1.778s] Invoked command in '/home/tan/erc_ws/src/week0_tutorials' returned '0': PYTHONPATH=/home/tan/erc_ws/build/week0_tutorials/prefix_override:/usr/lib/python3/dist-packages/colcon_core/task/python/colcon_distutils_commands:/home/tan/erc_ws/install/week0_tutorials/lib/python3.10/site-packages:${PYTHONPATH} /usr/bin/python3 -W ignore:setup.py install is deprecated setup.py egg_info --egg-base ../../build/week0_tutorials build --build-base /home/tan/erc_ws/build/week0_tutorials/build install --record /home/tan/erc_ws/build/week0_tutorials/install.log --single-version-externally-managed install_data
